{
  "stats": {
    "suites": 2,
    "tests": 6,
    "passes": 6,
    "pending": 0,
    "failures": 0,
    "start": "2022-08-18T09:29:01.176Z",
    "end": "2022-08-18T09:29:01.288Z",
    "duration": 112,
    "testsRegistered": 6,
    "passPercent": 100,
    "pendingPercent": 0,
    "other": 0,
    "hasOther": false,
    "skipped": 0,
    "hasSkipped": false
  },
  "results": [
    {
      "uuid": "f54825b8-8d68-46cd-9582-38ac4b30abf8",
      "title": "",
      "fullFile": "",
      "file": "",
      "beforeHooks": [],
      "afterHooks": [],
      "tests": [],
      "suites": [
        {
          "uuid": "fca09085-03b2-4107-b08c-49202084034b",
          "title": "[@get-data] GET testcases",
          "fullFile": "C:\\Fazztrack_Satria\\mocha-homework\\testcases\\getByIDTestcase.js",
          "file": "\\testcases\\getByIDTestcase.js",
          "beforeHooks": [
            {
              "title": "\"before all\" hook in \"[@get-data] GET testcases\"",
              "fullTitle": "[@get-data] GET testcases \"before all\" hook in \"[@get-data] GET testcases\"",
              "timedOut": false,
              "duration": 36,
              "state": null,
              "speed": null,
              "pass": false,
              "fail": false,
              "pending": false,
              "context": null,
              "code": "//initial post the data\nlet response = await api.postUser(jsonPostData);\nexpect(response.status).to.equal(200);\ntargetID = response.body.id;",
              "err": {},
              "uuid": "e52662cb-f3be-4b28-bf00-806c4c87512c",
              "parentUUID": "fca09085-03b2-4107-b08c-49202084034b",
              "isHook": true,
              "skipped": false
            }
          ],
          "afterHooks": [
            {
              "title": "\"after all\" hook in \"[@get-data] GET testcases\"",
              "fullTitle": "[@get-data] GET testcases \"after all\" hook in \"[@get-data] GET testcases\"",
              "timedOut": false,
              "duration": 7,
              "state": null,
              "speed": null,
              "pass": false,
              "fail": false,
              "pending": false,
              "context": null,
              "code": "//delete after finish\nlet response = await api.deleteUser(targetID);\nexpect(response.status).to.equal(200);",
              "err": {},
              "uuid": "edccb14c-1b66-458d-b0cd-12580baa0c1b",
              "parentUUID": "fca09085-03b2-4107-b08c-49202084034b",
              "isHook": true,
              "skipped": false
            }
          ],
          "tests": [
            {
              "title": "[@positive1] search user by valid ID",
              "fullTitle": "[@get-data] GET testcases [@positive1] search user by valid ID",
              "timedOut": false,
              "duration": 13,
              "state": "passed",
              "speed": "fast",
              "pass": true,
              "fail": false,
              "pending": false,
              "context": null,
              "code": "let response = await api.getUserById(targetID);\nexpect(response.status).to.equal(200); //status code check\nexpect(response.body.id).to.equal(targetID); //ID check\nexpect(response.body).jsonSchema(jsonSchemaGet); //schema check",
              "err": {},
              "uuid": "a47efc55-cfc6-44aa-9bc9-ff5526db2077",
              "parentUUID": "fca09085-03b2-4107-b08c-49202084034b",
              "isHook": false,
              "skipped": false
            },
            {
              "title": "[@negative1] search user by invalid ID",
              "fullTitle": "[@get-data] GET testcases [@negative1] search user by invalid ID",
              "timedOut": false,
              "duration": 5,
              "state": "passed",
              "speed": "fast",
              "pass": true,
              "fail": false,
              "pending": false,
              "context": null,
              "code": "let response = await api.getUserById(\"12345\");\nexpect(response.status).to.equal(404); //status code check\nexpect(response.body.errorCode).to.equal(\"ER-01\"); //Error code check\nexpect(response.body).to.contain.like({\"message\": \"user not found\"});",
              "err": {},
              "uuid": "db42d400-2d0d-488c-86d5-0e63bfcbbdf3",
              "parentUUID": "fca09085-03b2-4107-b08c-49202084034b",
              "isHook": false,
              "skipped": false
            }
          ],
          "suites": [],
          "passes": [
            "a47efc55-cfc6-44aa-9bc9-ff5526db2077",
            "db42d400-2d0d-488c-86d5-0e63bfcbbdf3"
          ],
          "failures": [],
          "pending": [],
          "skipped": [],
          "duration": 18,
          "root": false,
          "rootEmpty": false,
          "_timeout": 2000
        },
        {
          "uuid": "ac6ead64-7b40-487e-b4ef-187ebfc386e7",
          "title": "[@update-data] PUT testcases",
          "fullFile": "C:\\Fazztrack_Satria\\mocha-homework\\testcases\\putTestcase.js",
          "file": "\\testcases\\putTestcase.js",
          "beforeHooks": [
            {
              "title": "\"before all\" hook in \"[@update-data] PUT testcases\"",
              "fullTitle": "[@update-data] PUT testcases \"before all\" hook in \"[@update-data] PUT testcases\"",
              "timedOut": false,
              "duration": 5,
              "state": null,
              "speed": null,
              "pass": false,
              "fail": false,
              "pending": false,
              "context": null,
              "code": "//initial post the data\nlet response = await api.postUser(jsonPostData);\nexpect(response.status).to.equal(200);\ntargetID = response.body.id;",
              "err": {},
              "uuid": "3ab18b9d-51bb-4c6e-9efa-4949eb2d1590",
              "parentUUID": "ac6ead64-7b40-487e-b4ef-187ebfc386e7",
              "isHook": true,
              "skipped": false
            }
          ],
          "afterHooks": [
            {
              "title": "\"after all\" hook in \"[@update-data] PUT testcases\"",
              "fullTitle": "[@update-data] PUT testcases \"after all\" hook in \"[@update-data] PUT testcases\"",
              "timedOut": false,
              "duration": 4,
              "state": null,
              "speed": null,
              "pass": false,
              "fail": false,
              "pending": false,
              "context": null,
              "code": "//delete after finish\nlet response = await api.deleteUser(targetID);\nexpect(response.status).to.equal(200);",
              "err": {},
              "uuid": "610cf592-6e9c-4940-b376-a79f7c911646",
              "parentUUID": "ac6ead64-7b40-487e-b4ef-187ebfc386e7",
              "isHook": true,
              "skipped": false
            }
          ],
          "tests": [
            {
              "title": "[@positive1] update occupation and nationality data",
              "fullTitle": "[@update-data] PUT testcases [@positive1] update occupation and nationality data",
              "timedOut": false,
              "duration": 10,
              "state": "passed",
              "speed": "fast",
              "pass": true,
              "fail": false,
              "pending": false,
              "context": null,
              "code": "//update ID and other datas\nupdateData.id=targetID\nlet occupationUpdate = \"Soccer Player\"\nlet nationalityUpdate = \"Indonesian\"\nupdateData.occupation = occupationUpdate\nupdateData.nationality = nationalityUpdate\n\n     \nlet response = await api.putUser(updateData);\nexpect(response.status).to.equal(200); //status code check\nexpect(response.body.id).to.equal(targetID); //ID check\nexpect(response.body).to.contain.like({occupation: occupationUpdate, nationality: nationalityUpdate}); //data check\nexpect(response.body).jsonSchema(jsonSchemaPut); //schema check",
              "err": {},
              "uuid": "b966397d-1a76-4df0-85d2-e8a16c62e62e",
              "parentUUID": "ac6ead64-7b40-487e-b4ef-187ebfc386e7",
              "isHook": false,
              "skipped": false
            },
            {
              "title": "[@negative1] fail to update when age is 0",
              "fullTitle": "[@update-data] PUT testcases [@negative1] fail to update when age is 0",
              "timedOut": false,
              "duration": 5,
              "state": "passed",
              "speed": "fast",
              "pass": true,
              "fail": false,
              "pending": false,
              "context": null,
              "code": "updateData.age = 0;\nlet response = await api.putUser(updateData);\nexpect(response.status).to.equal(400); //status code check\nexpect(response.body.errorCode).to.equal('ER-03'); //Error code check\nexpect(response.body).to.contain.like({\"message\": \"you must specify data for firstname, lastName, age, occupation, nationality, hobbies (at least 1), and gender\"}); //data check\nupdateData.age = 30;",
              "err": {},
              "uuid": "6aeb0186-7ba2-444d-b6f6-c03283921df0",
              "parentUUID": "ac6ead64-7b40-487e-b4ef-187ebfc386e7",
              "isHook": false,
              "skipped": false
            },
            {
              "title": "[@negative2] fail to update when hobbies is empty array",
              "fullTitle": "[@update-data] PUT testcases [@negative2] fail to update when hobbies is empty array",
              "timedOut": false,
              "duration": 6,
              "state": "passed",
              "speed": "fast",
              "pass": true,
              "fail": false,
              "pending": false,
              "context": null,
              "code": "updateData.hobbies.length=0;\nlet response = await api.putUser(updateData);\nexpect(response.status).to.equal(400); //status code check\nexpect(response.body.errorCode).to.equal('ER-03'); //Error code check\nexpect(response.body).to.contain.like({\"message\": \"you must specify data for firstname, lastName, age, occupation, nationality, hobbies (at least 1), and gender\"}); //data check\nupdateData.hobbies=[\"Riding a motorcycle\"];",
              "err": {},
              "uuid": "ba823dec-ebeb-46bd-9688-3c3509c87a84",
              "parentUUID": "ac6ead64-7b40-487e-b4ef-187ebfc386e7",
              "isHook": false,
              "skipped": false
            },
            {
              "title": "[@negative3] fail to update when id is null",
              "fullTitle": "[@update-data] PUT testcases [@negative3] fail to update when id is null",
              "timedOut": false,
              "duration": 5,
              "state": "passed",
              "speed": "fast",
              "pass": true,
              "fail": false,
              "pending": false,
              "context": null,
              "code": "updateData.id = null;\nlet response = await api.putUser(updateData);\nexpect(response.status).to.equal(404); //status code check\nexpect(response.body.errorCode).to.equal('ER-01'); //Error code check\nexpect(response.body).to.contain.like({\"message\": \"user not found\"}); //data check\nupdateData.id = targetID;",
              "err": {},
              "uuid": "87f10f14-a938-41e7-b5e3-4322262079b1",
              "parentUUID": "ac6ead64-7b40-487e-b4ef-187ebfc386e7",
              "isHook": false,
              "skipped": false
            }
          ],
          "suites": [],
          "passes": [
            "b966397d-1a76-4df0-85d2-e8a16c62e62e",
            "6aeb0186-7ba2-444d-b6f6-c03283921df0",
            "ba823dec-ebeb-46bd-9688-3c3509c87a84",
            "87f10f14-a938-41e7-b5e3-4322262079b1"
          ],
          "failures": [],
          "pending": [],
          "skipped": [],
          "duration": 26,
          "root": false,
          "rootEmpty": false,
          "_timeout": 2000
        }
      ],
      "passes": [],
      "failures": [],
      "pending": [],
      "skipped": [],
      "duration": 0,
      "root": true,
      "rootEmpty": true,
      "_timeout": 2000
    }
  ],
  "meta": {
    "mocha": {
      "version": "10.0.0"
    },
    "mochawesome": {
      "options": {
        "quiet": false,
        "reportFilename": "mochawesome",
        "saveHtml": true,
        "saveJson": true,
        "consoleReporter": "spec",
        "useInlineDiffs": false,
        "code": true
      },
      "version": "7.1.3"
    },
    "marge": {
      "options": null,
      "version": "6.2.0"
    }
  }
}